{"/Users/tegzamaria/flowers-shop-website/src/components/UI/Button.jsx": {"path":"/Users/tegzamaria/flowers-shop-website/src/components/UI/Button.jsx","statementMap":{"0":{"start":{"line":10,"column":15},"end":{"line":20,"column":2}},"1":{"start":{"line":11,"column":2},"end":{"line":18,"column":null}},"2":{"start":{"line":20,"column":2},"end":{"line":10,"column":15}},"3":{"start":{"line":22,"column":22},"end":{"line":22,"column":null}}},"fnMap":{"0":{"name":"(anonymous_0)","decl":{"start":{"line":10,"column":15},"end":{"line":10,"column":16}},"loc":{"start":{"line":10,"column":73},"end":{"line":20,"column":2}}}},"branchMap":{"0":{"loc":{"start":{"line":10,"column":37},"end":{"line":10,"column":58}},"type":"default-arg","locations":[{"start":{"line":10,"column":47},"end":{"line":10,"column":58}}]}},"s":{"0":8,"1":162,"2":8,"3":8},"f":{"0":162},"b":{"0":[0]}}
,"/Users/tegzamaria/flowers-shop-website/src/pages/CartPage/CartPage.jsx": {"path":"/Users/tegzamaria/flowers-shop-website/src/pages/CartPage/CartPage.jsx","statementMap":{"0":{"start":{"line":8,"column":17},"end":{"line":217,"column":2}},"1":{"start":{"line":11,"column":6},"end":{"line":11,"column":null}},"2":{"start":{"line":12,"column":93},"end":{"line":12,"column":null}},"3":{"start":{"line":13,"column":41},"end":{"line":13,"column":null}},"4":{"start":{"line":14,"column":18},"end":{"line":14,"column":null}},"5":{"start":{"line":16,"column":36},"end":{"line":21,"column":null}},"6":{"start":{"line":22,"column":44},"end":{"line":22,"column":null}},"7":{"start":{"line":24,"column":30},"end":{"line":24,"column":null}},"8":{"start":{"line":25,"column":37},"end":{"line":25,"column":null}},"9":{"start":{"line":27,"column":30},"end":{"line":31,"column":null}},"10":{"start":{"line":28,"column":32},"end":{"line":28,"column":null}},"11":{"start":{"line":29,"column":8},"end":{"line":29,"column":null}},"12":{"start":{"line":29,"column":31},"end":{"line":29,"column":58}},"13":{"start":{"line":30,"column":8},"end":{"line":30,"column":null}},"14":{"start":{"line":33,"column":27},"end":{"line":55,"column":null}},"15":{"start":{"line":34,"column":8},"end":{"line":34,"column":null}},"16":{"start":{"line":36,"column":8},"end":{"line":39,"column":null}},"17":{"start":{"line":37,"column":12},"end":{"line":37,"column":null}},"18":{"start":{"line":38,"column":12},"end":{"line":38,"column":null}},"19":{"start":{"line":41,"column":8},"end":{"line":41,"column":null}},"20":{"start":{"line":43,"column":24},"end":{"line":47,"column":null}},"21":{"start":{"line":49,"column":8},"end":{"line":54,"column":null}},"22":{"start":{"line":50,"column":12},"end":{"line":50,"column":null}},"23":{"start":{"line":51,"column":12},"end":{"line":51,"column":null}},"24":{"start":{"line":53,"column":12},"end":{"line":53,"column":null}},"25":{"start":{"line":57,"column":4},"end":{"line":69,"column":null}},"26":{"start":{"line":58,"column":8},"end":{"line":67,"column":null}},"27":{"start":{"line":71,"column":4},"end":{"line":215,"column":null}},"28":{"start":{"line":95,"column":24},"end":{"line":133,"column":null}},"29":{"start":{"line":109,"column":55},"end":{"line":109,"column":null}},"30":{"start":{"line":117,"column":55},"end":{"line":117,"column":null}},"31":{"start":{"line":128,"column":47},"end":{"line":128,"column":null}},"32":{"start":{"line":217,"column":2},"end":{"line":8,"column":17}},"33":{"start":{"line":8,"column":14},"end":{"line":null,"column":-1}},"34":{"start":{"line":219,"column":24},"end":{"line":219,"column":null}}},"fnMap":{"0":{"name":"(anonymous_0)","decl":{"start":{"line":8,"column":17},"end":{"line":8,"column":18}},"loc":{"start":{"line":11,"column":6},"end":{"line":217,"column":2}}},"1":{"name":"(anonymous_1)","decl":{"start":{"line":27,"column":30},"end":{"line":27,"column":31}},"loc":{"start":{"line":27,"column":37},"end":{"line":31,"column":null}}},"2":{"name":"(anonymous_2)","decl":{"start":{"line":29,"column":20},"end":{"line":29,"column":21}},"loc":{"start":{"line":29,"column":31},"end":{"line":29,"column":58}}},"3":{"name":"(anonymous_3)","decl":{"start":{"line":33,"column":27},"end":{"line":33,"column":34}},"loc":{"start":{"line":33,"column":40},"end":{"line":55,"column":null}}},"4":{"name":"(anonymous_4)","decl":{"start":{"line":94,"column":35},"end":{"line":94,"column":36}},"loc":{"start":{"line":95,"column":24},"end":{"line":133,"column":null}}},"5":{"name":"(anonymous_5)","decl":{"start":{"line":109,"column":49},"end":{"line":109,"column":55}},"loc":{"start":{"line":109,"column":55},"end":{"line":109,"column":null}}},"6":{"name":"(anonymous_6)","decl":{"start":{"line":117,"column":49},"end":{"line":117,"column":55}},"loc":{"start":{"line":117,"column":55},"end":{"line":117,"column":null}}},"7":{"name":"(anonymous_7)","decl":{"start":{"line":128,"column":41},"end":{"line":128,"column":47}},"loc":{"start":{"line":128,"column":47},"end":{"line":128,"column":null}}}},"branchMap":{"0":{"loc":{"start":{"line":9,"column":4},"end":{"line":9,"column":null}},"type":"default-arg","locations":[{"start":{"line":9,"column":14},"end":{"line":9,"column":null}}]},"1":{"loc":{"start":{"line":10,"column":4},"end":{"line":10,"column":null}},"type":"default-arg","locations":[{"start":{"line":10,"column":18},"end":{"line":10,"column":null}}]},"2":{"loc":{"start":{"line":36,"column":8},"end":{"line":39,"column":null}},"type":"if","locations":[{"start":{"line":36,"column":8},"end":{"line":39,"column":null}}]},"3":{"loc":{"start":{"line":36,"column":12},"end":{"line":36,"column":90}},"type":"binary-expr","locations":[{"start":{"line":36,"column":12},"end":{"line":36,"column":30}},{"start":{"line":36,"column":30},"end":{"line":36,"column":49}},{"start":{"line":36,"column":49},"end":{"line":36,"column":71}},{"start":{"line":36,"column":71},"end":{"line":36,"column":90}}]},"4":{"loc":{"start":{"line":49,"column":8},"end":{"line":54,"column":null}},"type":"if","locations":[{"start":{"line":49,"column":8},"end":{"line":54,"column":null}},{"start":{"line":52,"column":15},"end":{"line":54,"column":null}}]},"5":{"loc":{"start":{"line":57,"column":4},"end":{"line":69,"column":null}},"type":"if","locations":[{"start":{"line":57,"column":4},"end":{"line":69,"column":null}}]},"6":{"loc":{"start":{"line":80,"column":21},"end":{"line":83,"column":null}},"type":"cond-expr","locations":[{"start":{"line":81,"column":24},"end":{"line":81,"column":null}},{"start":{"line":83,"column":24},"end":{"line":83,"column":null}}]},"7":{"loc":{"start":{"line":185,"column":21},"end":{"line":185,"column":null}},"type":"binary-expr","locations":[{"start":{"line":185,"column":21},"end":{"line":185,"column":37}},{"start":{"line":185,"column":37},"end":{"line":185,"column":null}}]},"8":{"loc":{"start":{"line":186,"column":21},"end":{"line":186,"column":null}},"type":"binary-expr","locations":[{"start":{"line":186,"column":21},"end":{"line":186,"column":30}},{"start":{"line":186,"column":30},"end":{"line":186,"column":null}}]},"9":{"loc":{"start":{"line":194,"column":25},"end":{"line":194,"column":null}},"type":"cond-expr","locations":[{"start":{"line":194,"column":35},"end":{"line":194,"column":50}},{"start":{"line":194,"column":50},"end":{"line":194,"column":null}}]},"10":{"loc":{"start":{"line":207,"column":31},"end":{"line":207,"column":84}},"type":"cond-expr","locations":[{"start":{"line":207,"column":62},"end":{"line":207,"column":70}},{"start":{"line":207,"column":70},"end":{"line":207,"column":84}}]}},"s":{"0":8,"1":175,"2":175,"3":175,"4":175,"5":175,"6":175,"7":175,"8":175,"9":175,"10":131,"11":131,"12":131,"13":131,"14":175,"15":9,"16":9,"17":4,"18":4,"19":5,"20":5,"21":5,"22":3,"23":3,"24":2,"25":175,"26":8,"27":167,"28":334,"29":6,"30":6,"31":5,"32":8,"33":8,"34":8},"f":{"0":175,"1":131,"2":131,"3":9,"4":334,"5":6,"6":6,"7":5},"b":{"0":[0],"1":[0],"2":[4],"3":[9,9,5,5],"4":[3,2],"5":[8],"6":[0,167],"7":[167,4],"8":[167,0],"9":[0,167],"10":[0,167]}}
}
