{"/Users/tegzamaria/flowers-shop-website/src/components/UI/Button.jsx": {"path":"/Users/tegzamaria/flowers-shop-website/src/components/UI/Button.jsx","statementMap":{"0":{"start":{"line":10,"column":15},"end":{"line":20,"column":2}},"1":{"start":{"line":11,"column":2},"end":{"line":18,"column":null}},"2":{"start":{"line":20,"column":2},"end":{"line":10,"column":15}},"3":{"start":{"line":22,"column":22},"end":{"line":22,"column":null}}},"fnMap":{"0":{"name":"(anonymous_0)","decl":{"start":{"line":10,"column":15},"end":{"line":10,"column":16}},"loc":{"start":{"line":10,"column":73},"end":{"line":20,"column":2}}}},"branchMap":{"0":{"loc":{"start":{"line":10,"column":37},"end":{"line":10,"column":58}},"type":"default-arg","locations":[{"start":{"line":10,"column":47},"end":{"line":10,"column":58}}]}},"s":{"0":7,"1":654,"2":7,"3":7},"f":{"0":654},"b":{"0":[0]}}
,"/Users/tegzamaria/flowers-shop-website/src/pages/AuthPage/AuthPage.jsx": {"path":"/Users/tegzamaria/flowers-shop-website/src/pages/AuthPage/AuthPage.jsx","statementMap":{"0":{"start":{"line":7,"column":17},"end":{"line":142,"column":2}},"1":{"start":{"line":7,"column":79},"end":{"line":7,"column":null}},"2":{"start":{"line":8,"column":34},"end":{"line":8,"column":null}},"3":{"start":{"line":9,"column":30},"end":{"line":9,"column":null}},"4":{"start":{"line":10,"column":36},"end":{"line":10,"column":null}},"5":{"start":{"line":11,"column":50},"end":{"line":11,"column":null}},"6":{"start":{"line":12,"column":28},"end":{"line":12,"column":null}},"7":{"start":{"line":13,"column":30},"end":{"line":13,"column":null}},"8":{"start":{"line":15,"column":40},"end":{"line":15,"column":null}},"9":{"start":{"line":16,"column":21},"end":{"line":16,"column":null}},"10":{"start":{"line":18,"column":4},"end":{"line":22,"column":null}},"11":{"start":{"line":19,"column":8},"end":{"line":21,"column":null}},"12":{"start":{"line":20,"column":12},"end":{"line":20,"column":null}},"13":{"start":{"line":24,"column":25},"end":{"line":57,"column":null}},"14":{"start":{"line":25,"column":8},"end":{"line":25,"column":null}},"15":{"start":{"line":26,"column":8},"end":{"line":26,"column":null}},"16":{"start":{"line":28,"column":22},"end":{"line":28,"column":null}},"17":{"start":{"line":30,"column":8},"end":{"line":53,"column":null}},"18":{"start":{"line":31,"column":12},"end":{"line":31,"column":null}},"19":{"start":{"line":33,"column":12},"end":{"line":38,"column":null}},"20":{"start":{"line":34,"column":16},"end":{"line":34,"column":null}},"21":{"start":{"line":35,"column":16},"end":{"line":35,"column":null}},"22":{"start":{"line":37,"column":16},"end":{"line":37,"column":null}},"23":{"start":{"line":40,"column":12},"end":{"line":43,"column":null}},"24":{"start":{"line":41,"column":16},"end":{"line":41,"column":null}},"25":{"start":{"line":42,"column":16},"end":{"line":42,"column":null}},"26":{"start":{"line":45,"column":12},"end":{"line":45,"column":null}},"27":{"start":{"line":47,"column":12},"end":{"line":52,"column":null}},"28":{"start":{"line":48,"column":16},"end":{"line":48,"column":null}},"29":{"start":{"line":49,"column":16},"end":{"line":49,"column":null}},"30":{"start":{"line":51,"column":16},"end":{"line":51,"column":null}},"31":{"start":{"line":55,"column":8},"end":{"line":55,"column":null}},"32":{"start":{"line":56,"column":8},"end":{"line":56,"column":null}},"33":{"start":{"line":59,"column":4},"end":{"line":140,"column":null}},"34":{"start":{"line":72,"column":45},"end":{"line":72,"column":null}},"35":{"start":{"line":85,"column":41},"end":{"line":85,"column":null}},"36":{"start":{"line":97,"column":41},"end":{"line":97,"column":null}},"37":{"start":{"line":110,"column":45},"end":{"line":110,"column":null}},"38":{"start":{"line":130,"column":28},"end":{"line":130,"column":null}},"39":{"start":{"line":131,"column":28},"end":{"line":131,"column":null}},"40":{"start":{"line":132,"column":28},"end":{"line":132,"column":null}},"41":{"start":{"line":133,"column":28},"end":{"line":133,"column":null}},"42":{"start":{"line":142,"column":2},"end":{"line":7,"column":17}},"43":{"start":{"line":7,"column":14},"end":{"line":null,"column":-1}},"44":{"start":{"line":144,"column":24},"end":{"line":144,"column":null}}},"fnMap":{"0":{"name":"(anonymous_0)","decl":{"start":{"line":7,"column":17},"end":{"line":7,"column":18}},"loc":{"start":{"line":7,"column":79},"end":{"line":142,"column":2}}},"1":{"name":"(anonymous_1)","decl":{"start":{"line":18,"column":14},"end":{"line":18,"column":20}},"loc":{"start":{"line":18,"column":20},"end":{"line":22,"column":7}}},"2":{"name":"(anonymous_2)","decl":{"start":{"line":24,"column":25},"end":{"line":24,"column":32}},"loc":{"start":{"line":24,"column":38},"end":{"line":57,"column":null}}},"3":{"name":"(anonymous_3)","decl":{"start":{"line":72,"column":38},"end":{"line":72,"column":39}},"loc":{"start":{"line":72,"column":45},"end":{"line":72,"column":null}}},"4":{"name":"(anonymous_4)","decl":{"start":{"line":85,"column":34},"end":{"line":85,"column":35}},"loc":{"start":{"line":85,"column":41},"end":{"line":85,"column":null}}},"5":{"name":"(anonymous_5)","decl":{"start":{"line":97,"column":34},"end":{"line":97,"column":35}},"loc":{"start":{"line":97,"column":41},"end":{"line":97,"column":null}}},"6":{"name":"(anonymous_6)","decl":{"start":{"line":110,"column":38},"end":{"line":110,"column":39}},"loc":{"start":{"line":110,"column":45},"end":{"line":110,"column":null}}},"7":{"name":"(anonymous_7)","decl":{"start":{"line":129,"column":33},"end":{"line":129,"column":39}},"loc":{"start":{"line":129,"column":39},"end":{"line":134,"column":null}}}},"branchMap":{"0":{"loc":{"start":{"line":7,"column":20},"end":{"line":7,"column":43}},"type":"default-arg","locations":[{"start":{"line":7,"column":34},"end":{"line":7,"column":43}}]},"1":{"loc":{"start":{"line":7,"column":43},"end":{"line":7,"column":73}},"type":"default-arg","locations":[{"start":{"line":7,"column":61},"end":{"line":7,"column":73}}]},"2":{"loc":{"start":{"line":19,"column":8},"end":{"line":21,"column":null}},"type":"if","locations":[{"start":{"line":19,"column":8},"end":{"line":21,"column":null}}]},"3":{"loc":{"start":{"line":30,"column":8},"end":{"line":53,"column":null}},"type":"if","locations":[{"start":{"line":30,"column":8},"end":{"line":53,"column":null}},{"start":{"line":39,"column":15},"end":{"line":53,"column":null}}]},"4":{"loc":{"start":{"line":33,"column":12},"end":{"line":38,"column":null}},"type":"if","locations":[{"start":{"line":33,"column":12},"end":{"line":38,"column":null}},{"start":{"line":36,"column":19},"end":{"line":38,"column":null}}]},"5":{"loc":{"start":{"line":40,"column":12},"end":{"line":43,"column":null}},"type":"if","locations":[{"start":{"line":40,"column":12},"end":{"line":43,"column":null}}]},"6":{"loc":{"start":{"line":47,"column":12},"end":{"line":52,"column":null}},"type":"if","locations":[{"start":{"line":47,"column":12},"end":{"line":52,"column":null}},{"start":{"line":50,"column":19},"end":{"line":52,"column":null}}]},"7":{"loc":{"start":{"line":48,"column":62},"end":{"line":48,"column":75}},"type":"binary-expr","locations":[{"start":{"line":48,"column":62},"end":{"line":48,"column":70}},{"start":{"line":48,"column":70},"end":{"line":48,"column":75}}]},"8":{"loc":{"start":{"line":62,"column":46},"end":{"line":62,"column":85}},"type":"cond-expr","locations":[{"start":{"line":62,"column":56},"end":{"line":62,"column":67}},{"start":{"line":62,"column":67},"end":{"line":62,"column":85}}]},"9":{"loc":{"start":{"line":66,"column":21},"end":{"line":75,"column":null}},"type":"binary-expr","locations":[{"start":{"line":66,"column":21},"end":{"line":66,"column":null}},{"start":{"line":67,"column":24},"end":{"line":75,"column":null}}]},"10":{"loc":{"start":{"line":100,"column":38},"end":{"line":100,"column":84}},"type":"cond-expr","locations":[{"start":{"line":100,"column":48},"end":{"line":100,"column":69}},{"start":{"line":100,"column":69},"end":{"line":100,"column":84}}]},"11":{"loc":{"start":{"line":103,"column":21},"end":{"line":113,"column":null}},"type":"binary-expr","locations":[{"start":{"line":103,"column":21},"end":{"line":103,"column":null}},{"start":{"line":104,"column":24},"end":{"line":113,"column":null}}]},"12":{"loc":{"start":{"line":117,"column":21},"end":{"line":117,"column":null}},"type":"binary-expr","locations":[{"start":{"line":117,"column":21},"end":{"line":117,"column":30}},{"start":{"line":117,"column":30},"end":{"line":117,"column":null}}]},"13":{"loc":{"start":{"line":120,"column":25},"end":{"line":120,"column":null}},"type":"cond-expr","locations":[{"start":{"line":120,"column":35},"end":{"line":120,"column":46}},{"start":{"line":120,"column":46},"end":{"line":120,"column":null}}]},"14":{"loc":{"start":{"line":125,"column":21},"end":{"line":125,"column":null}},"type":"cond-expr","locations":[{"start":{"line":125,"column":31},"end":{"line":125,"column":50}},{"start":{"line":125,"column":50},"end":{"line":125,"column":null}}]},"15":{"loc":{"start":{"line":136,"column":25},"end":{"line":136,"column":null}},"type":"cond-expr","locations":[{"start":{"line":136,"column":35},"end":{"line":136,"column":55}},{"start":{"line":136,"column":55},"end":{"line":136,"column":null}}]}},"s":{"0":7,"1":669,"2":669,"3":669,"4":669,"5":669,"6":669,"7":669,"8":669,"9":669,"10":669,"11":29,"12":2,"13":669,"14":18,"15":18,"16":18,"17":18,"18":11,"19":11,"20":6,"21":6,"22":5,"23":7,"24":3,"25":3,"26":4,"27":4,"28":4,"29":4,"30":0,"31":15,"32":15,"33":669,"34":24,"35":288,"36":198,"37":83,"38":14,"39":14,"40":14,"41":14,"42":7,"43":7,"44":7},"f":{"0":669,"1":29,"2":18,"3":24,"4":288,"5":198,"6":83,"7":14},"b":{"0":[0],"1":[0],"2":[2],"3":[11,7],"4":[6,5],"5":[3],"6":[4,0],"7":[4,0],"8":[348,321],"9":[669,321],"10":[348,321],"11":[669,321],"12":[669,8],"13":[348,321],"14":[348,321],"15":[348,321]}}
}
