{"total": {"lines":{"total":47,"covered":46,"skipped":0,"pct":97.87},"statements":{"total":49,"covered":48,"skipped":0,"pct":97.95},"functions":{"total":9,"covered":9,"skipped":0,"pct":100},"branches":{"total":29,"covered":24,"skipped":0,"pct":82.75},"branchesTrue":{"total":0,"covered":0,"skipped":0,"pct":100}}
,"/Users/tegzamaria/flowers-shop-website/src/components/UI/Button.jsx": {"lines":{"total":4,"covered":4,"skipped":0,"pct":100},"functions":{"total":1,"covered":1,"skipped":0,"pct":100},"statements":{"total":4,"covered":4,"skipped":0,"pct":100},"branches":{"total":1,"covered":0,"skipped":0,"pct":0}}
,"/Users/tegzamaria/flowers-shop-website/src/pages/AuthPage/AuthPage.jsx": {"lines":{"total":43,"covered":42,"skipped":0,"pct":97.67},"functions":{"total":8,"covered":8,"skipped":0,"pct":100},"statements":{"total":45,"covered":44,"skipped":0,"pct":97.77},"branches":{"total":28,"covered":24,"skipped":0,"pct":85.71}}
}
