TN:
SF:src/components/UI/Button.jsx
FN:10,(anonymous_0)
FNF:1
FNH:1
FNDA:654,(anonymous_0)
DA:10,7
DA:11,654
DA:20,7
DA:22,7
LF:4
LH:4
BRDA:10,0,0,0
BRF:1
BRH:0
end_of_record
TN:
SF:src/pages/AuthPage/AuthPage.jsx
FN:7,(anonymous_0)
FN:18,(anonymous_1)
FN:24,(anonymous_2)
FN:72,(anonymous_3)
FN:85,(anonymous_4)
FN:97,(anonymous_5)
FN:110,(anonymous_6)
FN:129,(anonymous_7)
FNF:8
FNH:8
FNDA:669,(anonymous_0)
FNDA:29,(anonymous_1)
FNDA:18,(anonymous_2)
FNDA:24,(anonymous_3)
FNDA:288,(anonymous_4)
FNDA:198,(anonymous_5)
FNDA:83,(anonymous_6)
FNDA:14,(anonymous_7)
DA:7,669
DA:8,669
DA:9,669
DA:10,669
DA:11,669
DA:12,669
DA:13,669
DA:15,669
DA:16,669
DA:18,669
DA:19,29
DA:20,2
DA:24,669
DA:25,18
DA:26,18
DA:28,18
DA:30,18
DA:31,11
DA:33,11
DA:34,6
DA:35,6
DA:37,5
DA:40,7
DA:41,3
DA:42,3
DA:45,4
DA:47,4
DA:48,4
DA:49,4
DA:51,0
DA:55,15
DA:56,15
DA:59,669
DA:72,24
DA:85,288
DA:97,198
DA:110,83
DA:130,14
DA:131,14
DA:132,14
DA:133,14
DA:142,7
DA:144,7
LF:43
LH:42
BRDA:7,0,0,0
BRDA:7,1,0,0
BRDA:19,2,0,2
BRDA:30,3,0,11
BRDA:30,3,1,7
BRDA:33,4,0,6
BRDA:33,4,1,5
BRDA:40,5,0,3
BRDA:47,6,0,4
BRDA:47,6,1,0
BRDA:48,7,0,4
BRDA:48,7,1,0
BRDA:62,8,0,348
BRDA:62,8,1,321
BRDA:66,9,0,669
BRDA:66,9,1,321
BRDA:100,10,0,348
BRDA:100,10,1,321
BRDA:103,11,0,669
BRDA:103,11,1,321
BRDA:117,12,0,669
BRDA:117,12,1,8
BRDA:120,13,0,348
BRDA:120,13,1,321
BRDA:125,14,0,348
BRDA:125,14,1,321
BRDA:136,15,0,348
BRDA:136,15,1,321
BRF:28
BRH:24
end_of_record
