TN:
SF:src/components/UI/Button.jsx
FN:10,(anonymous_0)
FNF:1
FNH:1
FNDA:162,(anonymous_0)
DA:10,8
DA:11,162
DA:20,8
DA:22,8
LF:4
LH:4
BRDA:10,0,0,0
BRF:1
BRH:0
end_of_record
TN:
SF:src/pages/CartPage/CartPage.jsx
FN:8,(anonymous_0)
FN:27,(anonymous_1)
FN:29,(anonymous_2)
FN:33,(anonymous_3)
FN:94,(anonymous_4)
FN:109,(anonymous_5)
FN:117,(anonymous_6)
FN:128,(anonymous_7)
FNF:8
FNH:8
FNDA:175,(anonymous_0)
FNDA:131,(anonymous_1)
FNDA:131,(anonymous_2)
FNDA:9,(anonymous_3)
FNDA:334,(anonymous_4)
FNDA:6,(anonymous_5)
FNDA:6,(anonymous_6)
FNDA:5,(anonymous_7)
DA:8,8
DA:11,175
DA:12,175
DA:13,175
DA:14,175
DA:16,175
DA:22,175
DA:24,175
DA:25,175
DA:27,175
DA:28,131
DA:29,131
DA:30,131
DA:33,175
DA:34,9
DA:36,9
DA:37,4
DA:38,4
DA:41,5
DA:43,5
DA:49,5
DA:50,3
DA:51,3
DA:53,2
DA:57,175
DA:58,8
DA:71,167
DA:95,334
DA:109,6
DA:117,6
DA:128,5
DA:217,8
DA:219,8
LF:33
LH:33
BRDA:9,0,0,0
BRDA:10,1,0,0
BRDA:36,2,0,4
BRDA:36,3,0,9
BRDA:36,3,1,9
BRDA:36,3,2,5
BRDA:36,3,3,5
BRDA:49,4,0,3
BRDA:49,4,1,2
BRDA:57,5,0,8
BRDA:80,6,0,0
BRDA:80,6,1,167
BRDA:185,7,0,167
BRDA:185,7,1,4
BRDA:186,8,0,167
BRDA:186,8,1,0
BRDA:194,9,0,0
BRDA:194,9,1,167
BRDA:207,10,0,0
BRDA:207,10,1,167
BRF:20
BRH:14
end_of_record
